<?xml version="1.0" encoding="UTF-8"?>
<!-- Generated by org.testng.reporters.JUnitReportReporter -->
<testsuite hostname="LAPTOP-T7Q1UKLJ" failures="0" tests="1" name="com.inetbanking.testCases.TC_LoginTest_001" time="3.222" errors="0" timestamp="2020-06-02T14:00:50 EDT" skipped="0">
  <testcase classname="com.inetbanking.testCases.TC_LoginTest_001" name="loginTest" time="3.222"/>
  <system-out/>
</testsuite> <!-- com.inetbanking.testCases.TC_LoginTest_001 -->
